node.exe : Retrieving projectÔÇª
Au caractère Ligne:1 : 1
+ & "C:\Program Files\nodejs/node.exe" "C:\Program Files\nodejs/node_mo ...
+ ~~~~~~~~~~~~~~~~~~~~~~~~~~~~~~~~~~~~~~~~~~~~~~~~~~~~~~~~~~~~~~~~~~~~~
    + CategoryInfo          : NotSpecified: (Retrieving projectÔÇª:String) [], 
    RemoteException
    + FullyQualifiedErrorId : NativeCommandError
 
Deploying adem4/ecowaste
Uploading [--------------------] (0.0B/48.7KB)
Uploading [======--------------] (17.0KB/48.7KB)
Uploading [=============-------] (33.0KB/48.7KB)
Uploading [====================] (48.7KB/48.7KB)
  Inspect     https://vercel.com/adem4/ecowaste/5X5BuHhQ2DAkUuSETpmvymT5m9Z2
Ôû▓ Production  https://ecowaste-a3uv3hwsr-adem4.vercel.app
BuildingÔÇª
Running build in Washington, D.C., USA (East) ÔÇô iad1
Build machine configuration: 2 cores, 8 GB
Retrieving list of deployment files...
Retrieving list of deployment files...
Downloading 983 deployment files...
Restored build cache from previous deployment (DGJKNf5zUiRTeFQu94KyXoaRtKc7)
Running "vercel build"
Vercel CLI 54.12.2
WARNING! Due to `builds` existing in your configuration file, the Build and 
Development Settings defined in your Project Settings will not apply. Learn 
More: https://vercel.link/unused-build-settings
Installing dependencies...
up to date in 1s
118 packages are looking for funding
run `npm fund` for details
Running "npm run vercel-build"
> vercel-build
> npm run build
> build
> vite build
[@lovable.dev/vite-tanstack-config] No Lovable context detected ÔÇö skipping 
nitro deploy plugin. Pass `nitro: true` (or `nitro: { ... }`) to force-enable.
[@lovable.dev/vite-tanstack-config] No Lovable context detected ÔÇö skipping 
nitro deploy plugin. Pass `nitro: true` (or `nitro: { ... }`) to force-enable.
[@lovable.dev/vite-tanstack-config] No Lovable context detected ÔÇö skipping 
nitro deploy plugin. Pass `nitro: true` (or `nitro: { ... }`) to force-enable.
vite v7.3.5 building client environment for production...
transforming...
Found 1 warning while optimizing generated CSS:
Ôöé   initial-value: 0;
Ôöé }
Ôöé @import url('https://fonts.googleapis.com/css2?family=Instrument+Serif:ital
@0;1&family=Work+Sans:wght@300;400;500;600;700&display=swap');
Ôöå        ^-- @import rules must precede all rules aside from @charset and 
@layer statements
Ôöå
Ôöé :root {
Ôöé   --radius: 0.5rem;
[plugin tanstack-start-core::server-fn:client] src/lib/chargily.functions.ts: 
/vercel/path1/src/lib/chargily.functions.ts:7:39 
createServerFn().inputValidator() is deprecated. Use 
createServerFn().validator() instead.
Ô£ô 2072 modules transformed.
rendering chunks...
computing gzip size...
dist/client/assets/community-compost-home-DN1H1F7P.jpg      106.08 kB
dist/client/assets/community-sorting-G4QFB7wa.jpg           115.84 kB
dist/client/assets/community-donation-BfLpivEw.jpg          116.19 kB
dist/client/assets/community-collection-point-VXQw6jeD.jpg  155.59 kB
dist/client/assets/community-rooftop-DNlD42z_.jpg           170.52 kB
dist/client/assets/hero-compost-C33yXYYT.jpg                190.53 kB
dist/client/assets/community-school-F54D5yz4.jpg            233.90 kB
dist/client/assets/styles-DOA1_voK.css                       78.74 kB Ôöé 
gzip:  13.08 kB
dist/client/assets/loader-circle-v8PZB3r7.js                  0.14 kB Ôöé 
gzip:   0.15 kB
dist/client/assets/arrow-left-BWZR-J8i.js                     0.17 kB Ôöé 
gzip:   0.16 kB
dist/client/assets/truck-CncZUajX.js                          0.40 kB Ôöé 
gzip:   0.27 kB
dist/client/assets/community._slug-DSIfiMi3.js                0.48 kB Ôöé 
gzip:   0.34 kB
dist/client/assets/textarea-9q7EiUGQ.js                       0.49 kB Ôöé 
gzip:   0.34 kB
dist/client/assets/index-C9Z-a7l-.js                          0.53 kB Ôöé 
gzip:   0.39 kB
dist/client/assets/community._slug-mWAlWpfe.js                0.54 kB Ôöé 
gzip:   0.37 kB
dist/client/assets/label-AVsEJCIY.js                          0.59 kB Ôöé 
gzip:   0.38 kB
dist/client/assets/input-DNKfgLIk.js                          0.59 kB Ôöé 
gzip:   0.37 kB
dist/client/assets/favorites-A1g2YT0K.js                      1.84 kB Ôöé 
gzip:   0.99 kB
dist/client/assets/SiteHeader-4bYdNJlo.js                     2.41 kB Ôöé 
gzip:   0.91 kB
dist/client/assets/ListingCard-Dkhv_DYo.js                    3.27 kB Ôöé 
gzip:   1.52 kB
dist/client/assets/listings-BeyVRQrc.js                       3.56 kB Ôöé 
gzip:   1.72 kB
dist/client/assets/community._slug-BvU1qCat.js                3.92 kB Ôöé 
gzip:   1.47 kB
dist/client/assets/auth-C-rb-ohM.js                           4.28 kB Ôöé 
gzip:   1.56 kB
dist/client/assets/index-DF5mLUlr.js                          4.62 kB Ôöé 
gzip:   1.96 kB
dist/client/assets/community.index-BCU97O9V.js                4.92 kB Ôöé 
gzip:   1.58 kB
dist/client/assets/dashboard-FoFEEsDR.js                      5.14 kB Ôöé 
gzip:   2.26 kB
dist/client/assets/index-Dz234hVy.js                          5.99 kB Ôöé 
gzip:   2.48 kB
dist/client/assets/tabs-DATcK-QE.js                           6.69 kB Ôöé 
gzip:   2.66 kB
dist/client/assets/chargily.functions-CxOHFHsT.js             7.91 kB Ôöé 
gzip:   3.30 kB
dist/client/assets/orders-D5_CQ1D-.js                         8.88 kB Ôöé 
gzip:   3.24 kB
dist/client/assets/listings._id-CJFG6Hd6.js                  10.58 kB Ôöé 
gzip:   3.70 kB
dist/client/assets/package-BUfU4i3k.js                       11.28 kB Ôöé 
gzip:   3.93 kB
dist/client/assets/button-B7bl7JM8.js                        32.01 kB Ôöé 
gzip:  10.61 kB
dist/client/assets/listings.new-CIM7-tH3.js                  60.44 kB Ôöé 
gzip:  15.11 kB
dist/client/assets/select-CND0uk6t.js                        69.62 kB Ôöé 
gzip:  24.36 kB
dist/client/assets/index-D9e8vJUj.js                        611.11 kB Ôöé 
gzip: 182.07 kB
Ô£ô built in 6.03s
vite v7.3.5 building ssr environment for production...
(!) Some chunks are larger than 500 kB after minification. Consider:
- Using dynamic import() to code-split the application
- Use build.rollupOptions.output.manualChunks to improve chunking: 
https://rollupjs.org/configuration-options/#output-manualchunks
- Adjust chunk size limit for this warning via build.chunkSizeWarningLimit.
transforming...
[plugin tanstack-start-core::server-fn:ssr] 
src/lib/chargily.functions.ts?tss-serverfn-split: 
/vercel/path1/src/lib/chargily.functions.ts?tss-serverfn-split:7:39 
createServerFn().inputValidator() is deprecated. Use 
createServerFn().validator() instead.
Found 1 warning while optimizing generated CSS:
Ôöé   initial-value: 0;
Ôöé }
Ôöé @import url('https://fonts.googleapis.com/css2?family=Instrument+Serif:ital
@0;1&family=Work+Sans:wght@300;400;500;600;700&display=swap');
Ôöå        ^-- @import rules must precede all rules aside from @charset and 
@layer statements
Ôöå
Ôöé :root {
Ôöé   --radius: 0.5rem;
[plugin tanstack-start-core::server-fn:ssr] src/lib/chargily.functions.ts: 
/vercel/path1/src/lib/chargily.functions.ts:7:39 
createServerFn().inputValidator() is deprecated. Use 
createServerFn().validator() instead.
"createRequestHandler", "defineHandlerCallback", 
"transformPipeableStreamWithRouter" and "transformReadableStreamWithRouter" 
are imported from external module "@tanstack/router-core/ssr/server" but never 
used in "node_modules/@tanstack/start-server-core/dist/esm/index.js".
"RawStream" is imported from external module "@tanstack/router-core" but never 
used in "node_modules/@tanstack/start-client-core/dist/esm/index.js".
"hydrate" and "json" are imported from external module 
"@tanstack/router-core/ssr/client" but never used in 
"node_modules/@tanstack/start-client-core/dist/esm/index.js".
Ô£ô 107 modules transformed.
rendering chunks...
dist/server/assets/empty-plugin-adapters-BFgPZ6_d.js        0.13 kB
dist/server/assets/label-C8WJLhmR.js                        0.60 kB
dist/server/assets/textarea-F69quoCd.js                     0.70 kB
dist/server/assets/input-D_U8fI25.js                        0.80 kB
dist/server/assets/client-iP3rPeOy.js                       0.84 kB
dist/server/assets/community._slug-BsQyF-lU.js              1.04 kB
dist/server/assets/community._slug-1-9R9H7Q.js              1.13 kB
dist/server/assets/tabs-DySssl3_.js                         1.71 kB
dist/server/assets/button-DjOZMqFS.js                       1.81 kB
dist/server/assets/auth-middleware-CQ3t6I3K.js              2.11 kB
dist/server/assets/start-B0YBN_uW.js                        2.14 kB
dist/server/assets/favorites-DRhvt0rQ.js                    3.00 kB
dist/server/assets/SiteHeader--AKr0TaQ.js                   3.10 kB
dist/server/assets/chargily.functions-BgqfE26_.js           3.10 kB
dist/server/assets/_tanstack-start-manifest_v-Cl5WZG-Z.js   3.59 kB
dist/server/server.js                                       3.86 kB
dist/server/assets/ListingCard-jIkS7O1e.js                  4.59 kB
dist/server/assets/chargily.functions-B3W9kJBa.js           4.85 kB
dist/server/assets/select-CUSP6kj8.js                       4.97 kB
dist/server/assets/index-BU5GUHNk.js                        4.99 kB
dist/server/assets/listings-cTA0LLj9.js                     5.53 kB
dist/server/assets/community._slug-D3Nn0V3f.js              5.70 kB
dist/server/assets/dashboard-LhV8nWqN.js                    6.48 kB
dist/server/assets/community.index-BeI6zCXn.js              6.95 kB
dist/server/assets/auth-Irr3QJhe.js                         7.38 kB
dist/server/assets/listings.new-IbXG7H9V.js                10.93 kB
dist/server/assets/orders-BDo3TQaG.js                      14.67 kB
dist/server/assets/listings._id-DFciPXeW.js                17.58 kB
dist/server/assets/router-Ylx5eWdM.js                      26.66 kB
dist/server/assets/server-ByC7_Vxn.js                      65.49 kB
Ô£ô built in 1.45s
Running "npm run vercel-build"
> vercel-build
> npm run build
> build
> vite build
[@lovable.dev/vite-tanstack-config] No Lovable context detected ÔÇö skipping 
nitro deploy plugin. Pass `nitro: true` (or `nitro: { ... }`) to force-enable.
[@lovable.dev/vite-tanstack-config] No Lovable context detected ÔÇö skipping 
nitro deploy plugin. Pass `nitro: true` (or `nitro: { ... }`) to force-enable.
[@lovable.dev/vite-tanstack-config] No Lovable context detected ÔÇö skipping 
nitro deploy plugin. Pass `nitro: true` (or `nitro: { ... }`) to force-enable.
vite v7.3.5 building client environment for production...
transforming...
Found 1 warning while optimizing generated CSS:
Ôöé   initial-value: 0;
Ôöé }
Ôöé @import url('https://fonts.googleapis.com/css2?family=Instrument+Serif:ital
@0;1&family=Work+Sans:wght@300;400;500;600;700&display=swap');
Ôöå        ^-- @import rules must precede all rules aside from @charset and 
@layer statements
Ôöå
Ôöé :root {
Ôöé   --radius: 0.5rem;
[plugin tanstack-start-core::server-fn:client] src/lib/chargily.functions.ts: 
/vercel/path1/src/lib/chargily.functions.ts:7:39 
createServerFn().inputValidator() is deprecated. Use 
createServerFn().validator() instead.
Ô£ô 2072 modules transformed.
rendering chunks...
computing gzip size...
dist/client/assets/community-compost-home-DN1H1F7P.jpg      106.08 kB
dist/client/assets/community-sorting-G4QFB7wa.jpg           115.84 kB
dist/client/assets/community-donation-BfLpivEw.jpg          116.19 kB
dist/client/assets/community-collection-point-VXQw6jeD.jpg  155.59 kB
dist/client/assets/community-rooftop-DNlD42z_.jpg           170.52 kB
dist/client/assets/hero-compost-C33yXYYT.jpg                190.53 kB
dist/client/assets/community-school-F54D5yz4.jpg            233.90 kB
dist/client/assets/styles-DOA1_voK.css                       78.74 kB Ôöé 
gzip:  13.08 kB
dist/client/assets/loader-circle-v8PZB3r7.js                  0.14 kB Ôöé 
gzip:   0.15 kB
dist/client/assets/arrow-left-BWZR-J8i.js                     0.17 kB Ôöé 
gzip:   0.16 kB
dist/client/assets/truck-CncZUajX.js                          0.40 kB Ôöé 
gzip:   0.27 kB
dist/client/assets/community._slug-DSIfiMi3.js                0.48 kB Ôöé 
gzip:   0.34 kB
dist/client/assets/textarea-9q7EiUGQ.js                       0.49 kB Ôöé 
gzip:   0.34 kB
dist/client/assets/index-C9Z-a7l-.js                          0.53 kB Ôöé 
gzip:   0.39 kB
dist/client/assets/community._slug-mWAlWpfe.js                0.54 kB Ôöé 
gzip:   0.37 kB
dist/client/assets/label-AVsEJCIY.js                          0.59 kB Ôöé 
gzip:   0.38 kB
dist/client/assets/input-DNKfgLIk.js                          0.59 kB Ôöé 
gzip:   0.37 kB
dist/client/assets/favorites-A1g2YT0K.js                      1.84 kB Ôöé 
gzip:   0.99 kB
dist/client/assets/SiteHeader-4bYdNJlo.js                     2.41 kB Ôöé 
gzip:   0.91 kB
dist/client/assets/ListingCard-Dkhv_DYo.js                    3.27 kB Ôöé 
gzip:   1.52 kB
dist/client/assets/listings-BeyVRQrc.js                       3.56 kB Ôöé 
gzip:   1.72 kB
dist/client/assets/community._slug-BvU1qCat.js                3.92 kB Ôöé 
gzip:   1.47 kB
dist/client/assets/auth-C-rb-ohM.js                           4.28 kB Ôöé 
gzip:   1.56 kB
dist/client/assets/index-DF5mLUlr.js                          4.62 kB Ôöé 
gzip:   1.96 kB
dist/client/assets/community.index-BCU97O9V.js                4.92 kB Ôöé 
gzip:   1.58 kB
dist/client/assets/dashboard-FoFEEsDR.js                      5.14 kB Ôöé 
gzip:   2.26 kB
dist/client/assets/index-Dz234hVy.js                          5.99 kB Ôöé 
gzip:   2.48 kB
dist/client/assets/tabs-DATcK-QE.js                           6.69 kB Ôöé 
gzip:   2.66 kB
dist/client/assets/chargily.functions-CxOHFHsT.js             7.91 kB Ôöé 
gzip:   3.30 kB
dist/client/assets/orders-D5_CQ1D-.js                         8.88 kB Ôöé 
gzip:   3.24 kB
dist/client/assets/listings._id-CJFG6Hd6.js                  10.58 kB Ôöé 
gzip:   3.70 kB
dist/client/assets/package-BUfU4i3k.js                       11.28 kB Ôöé 
gzip:   3.93 kB
dist/client/assets/button-B7bl7JM8.js                        32.01 kB Ôöé 
gzip:  10.61 kB
dist/client/assets/listings.new-CIM7-tH3.js                  60.44 kB Ôöé 
gzip:  15.11 kB
dist/client/assets/select-CND0uk6t.js                        69.62 kB Ôöé 
gzip:  24.36 kB
dist/client/assets/index-D9e8vJUj.js                        611.11 kB Ôöé 
gzip: 182.07 kB
Ô£ô built in 5.79s
(!) Some chunks are larger than 500 kB after minification. Consider:
- Using dynamic import() to code-split the application
- Use build.rollupOptions.output.manualChunks to improve chunking: 
https://rollupjs.org/configuration-options/#output-manualchunks
- Adjust chunk size limit for this warning via build.chunkSizeWarningLimit.
vite v7.3.5 building ssr environment for production...
transforming...
[plugin tanstack-start-core::server-fn:ssr] 
src/lib/chargily.functions.ts?tss-serverfn-split: 
/vercel/path1/src/lib/chargily.functions.ts?tss-serverfn-split:7:39 
createServerFn().inputValidator() is deprecated. Use 
createServerFn().validator() instead.
Found 1 warning while optimizing generated CSS:
Ôöé   initial-value: 0;
Ôöé }
Ôöé @import url('https://fonts.googleapis.com/css2?family=Instrument+Serif:ital
@0;1&family=Work+Sans:wght@300;400;500;600;700&display=swap');
Ôöå        ^-- @import rules must precede all rules aside from @charset and 
@layer statements
Ôöå
Ôöé :root {
Ôöé   --radius: 0.5rem;
[plugin tanstack-start-core::server-fn:ssr] src/lib/chargily.functions.ts: 
/vercel/path1/src/lib/chargily.functions.ts:7:39 
createServerFn().inputValidator() is deprecated. Use 
createServerFn().validator() instead.
"createRequestHandler", "defineHandlerCallback", 
"transformPipeableStreamWithRouter" and "transformReadableStreamWithRouter" 
are imported from external module "@tanstack/router-core/ssr/server" but never 
used in "node_modules/@tanstack/start-server-core/dist/esm/index.js".
"RawStream" is imported from external module "@tanstack/router-core" but never 
used in "node_modules/@tanstack/start-client-core/dist/esm/index.js".
"hydrate" and "json" are imported from external module 
"@tanstack/router-core/ssr/client" but never used in 
"node_modules/@tanstack/start-client-core/dist/esm/index.js".
Ô£ô 107 modules transformed.
rendering chunks...
dist/server/assets/empty-plugin-adapters-BFgPZ6_d.js        0.13 kB
dist/server/assets/label-C8WJLhmR.js                        0.60 kB
dist/server/assets/textarea-F69quoCd.js                     0.70 kB
dist/server/assets/input-D_U8fI25.js                        0.80 kB
dist/server/assets/client-iP3rPeOy.js                       0.84 kB
dist/server/assets/community._slug-BsQyF-lU.js              1.04 kB
dist/server/assets/community._slug-1-9R9H7Q.js              1.13 kB
dist/server/assets/tabs-DySssl3_.js                         1.71 kB
dist/server/assets/button-DjOZMqFS.js                       1.81 kB
dist/server/assets/auth-middleware-CQ3t6I3K.js              2.11 kB
dist/server/assets/start-B0YBN_uW.js                        2.14 kB
dist/server/assets/favorites-DRhvt0rQ.js                    3.00 kB
dist/server/assets/SiteHeader--AKr0TaQ.js                   3.10 kB
dist/server/assets/chargily.functions-BgqfE26_.js           3.10 kB
dist/server/assets/_tanstack-start-manifest_v-Cl5WZG-Z.js   3.59 kB
dist/server/server.js                                       3.86 kB
dist/server/assets/ListingCard-jIkS7O1e.js                  4.59 kB
dist/server/assets/chargily.functions-B3W9kJBa.js           4.85 kB
dist/server/assets/select-CUSP6kj8.js                       4.97 kB
dist/server/assets/index-BU5GUHNk.js                        4.99 kB
dist/server/assets/listings-cTA0LLj9.js                     5.53 kB
dist/server/assets/community._slug-D3Nn0V3f.js              5.70 kB
dist/server/assets/dashboard-LhV8nWqN.js                    6.48 kB
dist/server/assets/community.index-BeI6zCXn.js              6.95 kB
dist/server/assets/auth-Irr3QJhe.js                         7.38 kB
dist/server/assets/listings.new-IbXG7H9V.js                10.93 kB
dist/server/assets/orders-BDo3TQaG.js                      14.67 kB
dist/server/assets/listings._id-DFciPXeW.js                17.58 kB
dist/server/assets/router-Ylx5eWdM.js                      26.66 kB
dist/server/assets/server-ByC7_Vxn.js                      65.49 kB
Ô£ô built in 1.08s
Using TypeScript 5.9.3 (local user-provided)
Build Completed in /vercel/output [29s]
Deploying outputs...
Deployment completed
Creating build cache...
[2K[1A[2K[GÔû▓ Production  https://ecowaste-a3uv3hwsr-adem4.vercel.app
CompletingÔÇª
Ôû▓ Aliased     https://ecowaste-one.vercel.app

Ô£ô Ready in 52s
Due to `builds` existing in your configuration file, the Build and Development 
Settings defined in your Project Settings will not apply. Learn More: 
https://vercel.link/unused-build-settings
https://ecowaste-a3uv3hwsr-adem4.vercel.app
